Fetching Page 1
Fetching Page 2
Fetching Page 3
Fetching Page 4
Fetching Page 5
Fetching Page 6
Fetching Page 7
Fetching Page 8
Fetching Page 9
Fetching Page 10
Fetching Page 11
Fetching Page 12
Fetching Page 13
Fetching Page 14
Fetching Page 15
Fetching Page 16
Fetching Page 17
Fetching Page 18
Fetching Page 19
Fetching Page 20
Fetching Page 21
Fetching Page 22
Fetching Page 23
Fetching Page 24
Fetching Page 25
Fetching Page 26
Fetching Page 27
Fetching Page 28
Fetching Page 29
Fetching Page 30
Fetching Page 31
Fetching Page 32
Fetching Page 33
Fetching Page 34
Fetching Page 35
Fetching Page 36
Fetching Page 37
Fetching Page 38
Fetching Page 39
Fetching Page 40
Fetching Page 41
Fetching Page 42
Fetching Page 43
Fetching Page 44
Fetching Page 45
Fetching Page 46
Fetching Page 47
Fetching Page 48
Fetching Page 49
Fetching Page 50
Fetching Page 51
Fetching Page 52
Fetching Page 53
Fetching Page 54
Fetching Page 55
Fetching Page 56
Fetching Page 57
Fetching Page 58
Fetching Page 59
Fetching Page 60
Fetching Page 61
Fetching Page 62
Fetching Page 63
Fetching Page 64
Fetching Page 65
Fetching Page 66
Fetching Page 67
Fetching Page 68
Fetching Page 69
Fetching Page 70
Fetching Page 71
Fetching Page 72
Fetching Page 73
Fetching Page 74
[ERROR]
No more games
Processing 13 Sentinels: Aegis Rim, v1.10 + Yuzu/Ryujinx Emus for PC
[ERROR]
Error: unable to create a query selector at .entry-content
    at /Users/quentinwidlocher/Documents/Perso/fitgirl-scrapping/src/index.ts:102:11
    at step (/Users/quentinwidlocher/Documents/Perso/fitgirl-scrapping/src/index.ts:44:23)
    at Object.next (/Users/quentinwidlocher/Documents/Perso/fitgirl-scrapping/src/index.ts:25:53)
    at fulfilled (/Users/quentinwidlocher/Documents/Perso/fitgirl-scrapping/src/index.ts:16:58)
    at processTicksAndRejections (node:internal/process/task_queues:95:5)
 while fetching 13 Sentinels: Aegis Rim, v1.10 + Yuzu/Ryujinx Emus for PC
